<?xml version="1.0" encoding="UTF-8"?>
<!-- Generated by org.testng.reporters.JUnitXMLReporter -->
<testsuite hostname="5CG7084MGH840" ignored="0" name="LoginTest" tests="3" failures="0" timestamp="04 Oct 2018 10:33:25 GMT" time="108.141" errors="0">
  <testcase name="loginTest" time="28.362" classname="com.testingfoo.testcases.LoginTest"/>
  <testcase name="loginTest" time="39.974" classname="com.testingfoo.testcases.LoginTest"/>
  <testcase name="loginTest" time="39.761" classname="com.testingfoo.testcases.LoginTest"/>
</testsuite> <!-- LoginTest -->
